<?xml version="1.0" encoding="UTF-8"?>
<robot generator="Robot 7.2.2 (Python 3.13.3 on win32)" generated="2025-04-29T10:23:11.788688" rpa="false" schemaversion="5">
<suite id="s1" name="TestCaseOrangeHRM" source="D:\TDHQT\BaiTapChuongIV\TestCaseOrangeHRM.robot">
<test id="s1-t1" name="Đăng Nhập Thành Công" line="13">
<kw name="Open Browser" owner="SeleniumLibrary">
<msg time="2025-04-29T10:23:12.373305" level="INFO">Opening browser 'chrome' to base url 'https://opensource-demo.orangehrmlive.com/web/index.php/auth/login'.</msg>
<arg>${URL}</arg>
<arg>chrome</arg>
<doc>Opens a new browser instance to the optional ``url``.</doc>
<status status="PASS" start="2025-04-29T10:23:12.372947" elapsed="4.690571"/>
</kw>
<kw name="Wait Until Element Is Visible" owner="SeleniumLibrary">
<arg>xpath=//input[@placeholder='Username']</arg>
<arg>10s</arg>
<doc>Waits until the element ``locator`` is visible.</doc>
<status status="PASS" start="2025-04-29T10:23:17.064240" elapsed="3.404201"/>
</kw>
<kw name="Input Text" owner="SeleniumLibrary">
<msg time="2025-04-29T10:23:20.469783" level="INFO">Typing text 'Admin' into text field 'xpath=//input[@name='username']'.</msg>
<arg>xpath=//input[@name='username']</arg>
<arg>${USERNAME}</arg>
<doc>Types the given ``text`` into the text field identified by ``locator``.</doc>
<status status="PASS" start="2025-04-29T10:23:20.469194" elapsed="0.145154"/>
</kw>
<kw name="Input Text" owner="SeleniumLibrary">
<msg time="2025-04-29T10:23:20.615372" level="INFO">Typing text 'admin123' into text field 'xpath=//input[@name='password']'.</msg>
<arg>xpath=//input[@name='password']</arg>
<arg>${PASSWORD}</arg>
<doc>Types the given ``text`` into the text field identified by ``locator``.</doc>
<status status="PASS" start="2025-04-29T10:23:20.614903" elapsed="0.171647"/>
</kw>
<kw name="Click Button" owner="SeleniumLibrary">
<msg time="2025-04-29T10:23:20.787627" level="INFO">Clicking button 'xpath=//button[@type='submit']'.</msg>
<arg>xpath=//button[@type='submit']</arg>
<doc>Clicks the button identified by ``locator``.</doc>
<status status="PASS" start="2025-04-29T10:23:20.787222" elapsed="1.658635"/>
</kw>
<kw name="Sleep" owner="BuiltIn">
<msg time="2025-04-29T10:23:24.448466" level="INFO">Slept 2 seconds.</msg>
<arg>2s</arg>
<doc>Pauses the test executed for the given time.</doc>
<status status="PASS" start="2025-04-29T10:23:22.446825" elapsed="2.001871"/>
</kw>
<kw name="Close Browser" owner="SeleniumLibrary">
<doc>Closes the current browser.</doc>
<status status="PASS" start="2025-04-29T10:23:24.449514" elapsed="2.365018"/>
</kw>
<doc>Kiểm tra đăng nhập hợp lệ</doc>
<status status="PASS" start="2025-04-29T10:23:12.371356" elapsed="14.444494"/>
</test>
<test id="s1-t2" name="Đăng Nhập Thất Bại" line="24">
<kw name="Open Browser" owner="SeleniumLibrary">
<msg time="2025-04-29T10:23:26.820389" level="INFO">Opening browser 'chrome' to base url 'https://opensource-demo.orangehrmlive.com/web/index.php/auth/login'.</msg>
<arg>${URL}</arg>
<arg>chrome</arg>
<doc>Opens a new browser instance to the optional ``url``.</doc>
<status status="PASS" start="2025-04-29T10:23:26.819756" elapsed="4.790078"/>
</kw>
<kw name="Wait Until Element Is Visible" owner="SeleniumLibrary">
<arg>xpath=//input[@placeholder='Username']</arg>
<arg>10s</arg>
<doc>Waits until the element ``locator`` is visible.</doc>
<status status="PASS" start="2025-04-29T10:23:31.610749" elapsed="0.515556"/>
</kw>
<kw name="Input Text" owner="SeleniumLibrary">
<msg time="2025-04-29T10:23:32.127529" level="INFO">Typing text 'admin' into text field 'xpath=//input[@name='username']'.</msg>
<arg>xpath=//input[@name='username']</arg>
<arg>${USERNAMEFAIL}</arg>
<doc>Types the given ``text`` into the text field identified by ``locator``.</doc>
<status status="PASS" start="2025-04-29T10:23:32.126957" elapsed="0.130349"/>
</kw>
<kw name="Input Text" owner="SeleniumLibrary">
<msg time="2025-04-29T10:23:32.258376" level="INFO">Typing text 'admin1234' into text field 'xpath=//input[@name='password']'.</msg>
<arg>xpath=//input[@name='password']</arg>
<arg>${PASSWORDFAIL}</arg>
<doc>Types the given ``text`` into the text field identified by ``locator``.</doc>
<status status="PASS" start="2025-04-29T10:23:32.257881" elapsed="0.129128"/>
</kw>
<kw name="Click Button" owner="SeleniumLibrary">
<msg time="2025-04-29T10:23:32.388025" level="INFO">Clicking button 'xpath=//button[@type='submit']'.</msg>
<arg>xpath=//button[@type='submit']</arg>
<doc>Clicks the button identified by ``locator``.</doc>
<status status="PASS" start="2025-04-29T10:23:32.387634" elapsed="0.085627"/>
</kw>
<kw name="Sleep" owner="BuiltIn">
<msg time="2025-04-29T10:23:34.474676" level="INFO">Slept 2 seconds.</msg>
<arg>2s</arg>
<doc>Pauses the test executed for the given time.</doc>
<status status="PASS" start="2025-04-29T10:23:32.473723" elapsed="2.001343"/>
</kw>
<kw name="Close Browser" owner="SeleniumLibrary">
<doc>Closes the current browser.</doc>
<status status="PASS" start="2025-04-29T10:23:34.476184" elapsed="2.218747"/>
</kw>
<doc>Kiểm tra đăng nhập hợp lệ</doc>
<status status="PASS" start="2025-04-29T10:23:26.818000" elapsed="9.878126"/>
</test>
<test id="s1-t3" name="Đăng Nhập Thất Bại Do Username Rỗng" line="35">
<kw name="Open Browser" owner="SeleniumLibrary">
<msg time="2025-04-29T10:23:36.700130" level="INFO">Opening browser 'chrome' to base url 'https://opensource-demo.orangehrmlive.com/web/index.php/auth/login'.</msg>
<arg>${URL}</arg>
<arg>chrome</arg>
<doc>Opens a new browser instance to the optional ``url``.</doc>
<status status="PASS" start="2025-04-29T10:23:36.699650" elapsed="4.960619"/>
</kw>
<kw name="Wait Until Element Is Visible" owner="SeleniumLibrary">
<arg>xpath=//input[@placeholder='Username']</arg>
<arg>10s</arg>
<doc>Waits until the element ``locator`` is visible.</doc>
<status status="PASS" start="2025-04-29T10:23:41.660941" elapsed="0.474717"/>
</kw>
<kw name="Input Text" owner="SeleniumLibrary">
<msg time="2025-04-29T10:23:42.136687" level="INFO">Typing text '' into text field 'xpath=//input[@name='username']'.</msg>
<arg>xpath=//input[@name='username']</arg>
<arg>${USERNAMEEMPTY}</arg>
<doc>Types the given ``text`` into the text field identified by ``locator``.</doc>
<status status="PASS" start="2025-04-29T10:23:42.136187" elapsed="0.082907"/>
</kw>
<kw name="Input Text" owner="SeleniumLibrary">
<msg time="2025-04-29T10:23:42.220153" level="INFO">Typing text 'admin1234' into text field 'xpath=//input[@name='password']'.</msg>
<arg>xpath=//input[@name='password']</arg>
<arg>${PASSWORDFAIL}</arg>
<doc>Types the given ``text`` into the text field identified by ``locator``.</doc>
<status status="PASS" start="2025-04-29T10:23:42.219743" elapsed="0.098757"/>
</kw>
<kw name="Click Button" owner="SeleniumLibrary">
<msg time="2025-04-29T10:23:42.319193" level="INFO">Clicking button 'xpath=//button[@type='submit']'.</msg>
<arg>xpath=//button[@type='submit']</arg>
<doc>Clicks the button identified by ``locator``.</doc>
<status status="PASS" start="2025-04-29T10:23:42.318940" elapsed="0.086023"/>
</kw>
<kw name="Sleep" owner="BuiltIn">
<msg time="2025-04-29T10:23:44.406462" level="INFO">Slept 2 seconds.</msg>
<arg>2s</arg>
<doc>Pauses the test executed for the given time.</doc>
<status status="PASS" start="2025-04-29T10:23:42.405504" elapsed="2.001338"/>
</kw>
<kw name="Close Browser" owner="SeleniumLibrary">
<doc>Closes the current browser.</doc>
<status status="PASS" start="2025-04-29T10:23:44.408021" elapsed="2.225581"/>
</kw>
<doc>Kiểm tra đăng nhập hợp lệ</doc>
<status status="PASS" start="2025-04-29T10:23:36.697995" elapsed="9.936522"/>
</test>
<status status="PASS" start="2025-04-29T10:23:11.791388" elapsed="34.845196"/>
</suite>
<statistics>
<total>
<stat pass="3" fail="0" skip="0">All Tests</stat>
</total>
<tag>
</tag>
<suite>
<stat name="TestCaseOrangeHRM" id="s1" pass="3" fail="0" skip="0">TestCaseOrangeHRM</stat>
</suite>
</statistics>
<errors>
</errors>
</robot>
